 Time - Numerical Solution - Analytical solution -Fractional Error
 1.578E+14  5.788E+23  5.825E+23 -6.387E-03  2.652E-02  4.319E-03
 3.156E+14  7.252E+23  7.293E+23 -5.656E-03  1.915E-02  3.448E-03
 4.734E+14  8.253E+23  8.296E+23 -5.195E-03  1.606E-02  3.029E-03
 6.312E+14  9.030E+23  9.074E+23 -4.830E-03  1.414E-02  2.768E-03
 7.889E+14  9.671E+23  9.715E+23 -4.469E-03  1.270E-02  2.585E-03
 9.467E+14  1.022E+24  1.026E+24 -4.184E-03  1.165E-02  2.447E-03
 1.105E+15  1.069E+24  1.074E+24 -3.907E-03  1.097E-02  2.338E-03
 1.262E+15  1.112E+24  1.116E+24 -3.673E-03  1.042E-02  2.249E-03
 1.420E+15  1.149E+24  1.153E+24 -3.413E-03  9.975E-03  2.175E-03
 1.578E+15  1.184E+24  1.187E+24 -3.236E-03  9.514E-03  2.112E-03
 1.736E+15  1.215E+24  1.218E+24 -2.971E-03  9.199E-03  2.058E-03
 1.893E+15  1.243E+24  1.247E+24 -2.811E-03  8.872E-03  2.011E-03
 2.051E+15  1.270E+24  1.273E+24 -2.566E-03  8.663E-03  1.969E-03
 2.209E+15  1.294E+24  1.297E+24 -2.371E-03  8.545E-03  1.931E-03
 2.367E+15  1.317E+24  1.320E+24 -2.182E-03  8.339E-03  1.898E-03
 2.525E+15  1.338E+24  1.341E+24 -2.042E-03  7.974E-03  1.868E-03
 2.682E+15  1.358E+24  1.361E+24 -1.857E-03  7.783E-03  1.841E-03
 2.840E+15  1.377E+24  1.379E+24 -1.669E-03  7.907E-03  1.816E-03
 2.998E+15  1.394E+24  1.396E+24 -1.509E-03  7.781E-03  1.793E-03
 3.156E+15  1.410E+24  1.412E+24 -1.347E-03  7.445E-03  1.773E-03
 3.314E+15  1.426E+24  1.427E+24 -1.206E-03  7.399E-03  1.753E-03
 3.471E+15  1.440E+24  1.442E+24 -1.033E-03  7.271E-03  1.736E-03
 3.629E+15  1.454E+24  1.455E+24 -8.754E-04  7.443E-03  1.719E-03
 3.787E+15  1.467E+24  1.468E+24 -7.148E-04  7.370E-03  1.704E-03
 3.945E+15  1.479E+24  1.480E+24 -5.741E-04  7.333E-03  1.690E-03
 4.102E+15  1.491E+24  1.492E+24 -4.791E-04  7.188E-03  1.677E-03
 4.260E+15  1.502E+24  1.503E+24 -2.991E-04  7.218E-03  1.664E-03
 4.418E+15  1.513E+24  1.513E+24 -1.809E-04  7.026E-03  1.653E-03
 4.576E+15  1.523E+24  1.523E+24 -5.117E-05  7.001E-03  1.642E-03
 4.734E+15  1.532E+24  1.532E+24  9.066E-05  7.132E-03  1.632E-03
 4.891E+15  1.541E+24  1.541E+24  1.754E-04  7.099E-03  1.622E-03
 5.049E+15  1.550E+24  1.549E+24  3.342E-04  7.065E-03  1.613E-03
 5.207E+15  1.558E+24  1.557E+24  4.275E-04  6.964E-03  1.604E-03
 5.365E+15  1.566E+24  1.565E+24  5.386E-04  7.014E-03  1.596E-03
 5.523E+15  1.573E+24  1.572E+24  6.561E-04  7.016E-03  1.589E-03
 5.680E+15  1.581E+24  1.579E+24  7.800E-04  7.046E-03  1.582E-03
 5.838E+15  1.587E+24  1.586E+24  9.177E-04  7.076E-03  1.575E-03
 5.996E+15  1.594E+24  1.592E+24  1.019E-03  7.142E-03  1.568E-03
 6.154E+15  1.600E+24  1.598E+24  1.131E-03  7.178E-03  1.562E-03
 6.312E+15  1.606E+24  1.604E+24  1.217E-03  7.133E-03  1.556E-03
 6.469E+15  1.612E+24  1.610E+24  1.362E-03  7.210E-03  1.551E-03
 6.627E+15  1.617E+24  1.615E+24  1.466E-03  7.250E-03  1.546E-03
 6.785E+15  1.623E+24  1.620E+24  1.564E-03  7.339E-03  1.541E-03
 6.943E+15  1.628E+24  1.625E+24  1.668E-03  7.389E-03  1.536E-03
 7.100E+15  1.632E+24  1.630E+24  1.777E-03  7.405E-03  1.531E-03
 7.258E+15  1.637E+24  1.634E+24  1.885E-03  7.345E-03  1.527E-03
 7.416E+15  1.641E+24  1.638E+24  1.971E-03  7.350E-03  1.523E-03
 7.574E+15  1.646E+24  1.642E+24  2.059E-03  7.590E-03  1.519E-03
 7.732E+15  1.650E+24  1.646E+24  2.187E-03  7.571E-03  1.515E-03
 7.889E+15  1.654E+24  1.650E+24  2.257E-03  7.601E-03  1.512E-03
 8.047E+15  1.657E+24  1.654E+24  2.384E-03  7.712E-03  1.508E-03
 8.205E+15  1.661E+24  1.657E+24  2.456E-03  7.766E-03  1.505E-03
 8.363E+15  1.665E+24  1.660E+24  2.585E-03  7.707E-03  1.502E-03
 8.521E+15  1.668E+24  1.663E+24  2.670E-03  7.926E-03  1.499E-03
 8.678E+15  1.671E+24  1.666E+24  2.754E-03  7.952E-03  1.496E-03
 8.836E+15  1.674E+24  1.669E+24  2.871E-03  7.920E-03  1.493E-03
 8.994E+15  1.677E+24  1.672E+24  2.978E-03  7.947E-03  1.491E-03
 9.152E+15  1.680E+24  1.675E+24  3.073E-03  8.088E-03  1.488E-03
 9.309E+15  1.683E+24  1.677E+24  3.166E-03  8.185E-03  1.486E-03
 9.467E+15  1.685E+24  1.680E+24  3.260E-03  8.258E-03  1.483E-03
 9.625E+15  1.688E+24  1.682E+24  3.357E-03  8.318E-03  1.481E-03
 9.783E+15  1.690E+24  1.684E+24  3.456E-03  8.367E-03  1.479E-03
 9.941E+15  1.693E+24  1.687E+24  3.557E-03  8.406E-03  1.477E-03
 1.010E+16  1.695E+24  1.689E+24  3.658E-03  8.570E-03  1.475E-03
 1.026E+16  1.697E+24  1.691E+24  3.756E-03  8.719E-03  1.473E-03
 1.041E+16  1.699E+24  1.693E+24  3.845E-03  8.807E-03  1.471E-03
 1.057E+16  1.701E+24  1.694E+24  3.929E-03  8.817E-03  1.470E-03
 1.073E+16  1.703E+24  1.696E+24  4.035E-03  8.753E-03  1.468E-03
 1.089E+16  1.705E+24  1.698E+24  4.145E-03  9.029E-03  1.466E-03
 1.105E+16  1.707E+24  1.699E+24  4.240E-03  9.159E-03  1.465E-03
 1.120E+16  1.708E+24  1.701E+24  4.323E-03  9.114E-03  1.463E-03
 1.136E+16  1.710E+24  1.703E+24  4.434E-03  9.276E-03  1.462E-03
 1.152E+16  1.712E+24  1.704E+24  4.535E-03  9.419E-03  1.461E-03
 1.168E+16  1.713E+24  1.705E+24  4.618E-03  9.465E-03  1.459E-03
 1.183E+16  1.715E+24  1.707E+24  4.732E-03  9.598E-03  1.458E-03
 1.199E+16  1.716E+24  1.708E+24  4.814E-03  9.647E-03  1.457E-03
 1.215E+16  1.718E+24  1.709E+24  4.923E-03  9.827E-03  1.455E-03
 1.231E+16  1.719E+24  1.710E+24  5.023E-03  9.856E-03  1.454E-03
 1.247E+16  1.720E+24  1.712E+24  5.117E-03  1.009E-02  1.453E-03
 1.262E+16  1.722E+24  1.713E+24  5.221E-03  1.013E-02  1.452E-03
 1.278E+16  1.723E+24  1.714E+24  5.314E-03  1.032E-02  1.451E-03
 1.294E+16  1.724E+24  1.715E+24  5.417E-03  1.044E-02  1.450E-03
 1.310E+16  1.725E+24  1.716E+24  5.513E-03  1.052E-02  1.449E-03
 1.325E+16  1.726E+24  1.717E+24  5.606E-03  1.074E-02  1.448E-03
 1.341E+16  1.727E+24  1.718E+24  5.714E-03  1.083E-02  1.447E-03
 1.357E+16  1.728E+24  1.718E+24  5.800E-03  1.098E-02  1.446E-03
 1.373E+16  1.729E+24  1.719E+24  5.914E-03  1.117E-02  1.446E-03
 1.389E+16  1.730E+24  1.720E+24  6.001E-03  1.135E-02  1.445E-03
 1.404E+16  1.731E+24  1.721E+24  6.100E-03  1.139E-02  1.444E-03
 1.420E+16  1.732E+24  1.722E+24  6.205E-03  1.171E-02  1.443E-03
 1.436E+16  1.733E+24  1.722E+24  6.292E-03  1.192E-02  1.442E-03
 1.452E+16  1.734E+24  1.723E+24  6.398E-03  1.204E-02  1.442E-03
 1.467E+16  1.735E+24  1.724E+24  6.497E-03  1.223E-02  1.441E-03
 1.483E+16  1.736E+24  1.724E+24  6.585E-03  1.250E-02  1.440E-03
 1.499E+16  1.736E+24  1.725E+24  6.688E-03  1.276E-02  1.440E-03
 1.515E+16  1.737E+24  1.725E+24  6.788E-03  1.306E-02  1.439E-03
 1.531E+16  1.738E+24  1.726E+24  6.877E-03  1.329E-02  1.439E-03
 1.546E+16  1.739E+24  1.727E+24  6.972E-03  1.354E-02  1.438E-03
 1.562E+16  1.739E+24  1.727E+24  7.078E-03  1.387E-02  1.437E-03
 1.578E+16  1.740E+24  1.728E+24  7.169E-03  1.416E-02  1.437E-03
