Log file for C2-Ray run
 Running on processor named n177-p62.eduroam.kth.se                                                                             
 reading input from ../inputs/test1.in

Using a black body with
 Teff=        3.000E+04 K
 Radius=      6.777E+03 R_solar
 Luminosity=  3.356E+10 L_solar
 Number of H ionizing photons:  1.000E+54 s^-1


Time, dt: 0.000E+00  5.000E+06  (years)
 1.578E+68 1.578E+68 1.000E+00 9.661E-01 3.387E-02 3.736E-13 9.223E-07
Time, dt: 5.000E+06  5.000E+06  (years)
 1.578E+68 1.578E+68 1.000E+00 9.318E-01 6.815E-02 9.257E-13 1.330E-06
Time, dt: 1.000E+07  5.000E+06  (years)
 1.578E+68 1.578E+68 1.000E+00 8.984E-01 1.016E-01 1.773E-12 1.603E-06
Time, dt: 1.500E+07  5.000E+06  (years)
 1.578E+68 1.578E+68 1.000E+00 8.660E-01 1.340E-01 2.994E-12 1.812E-06
Time, dt: 2.000E+07  5.000E+06  (years)
 1.578E+68 1.578E+68 1.000E+00 8.347E-01 1.653E-01 4.661E-12 1.983E-06
Time, dt: 2.500E+07  5.000E+06  (years)
 1.578E+68 1.578E+68 1.000E+00 8.044E-01 1.956E-01 6.875E-12 2.126E-06
Time, dt: 3.000E+07  5.000E+06  (years)
 1.578E+68 1.578E+68 1.000E+00 7.752E-01 2.248E-01 9.792E-12 2.250E-06
Time, dt: 3.500E+07  5.000E+06  (years)
 1.578E+68 1.578E+68 1.000E+00 7.470E-01 2.530E-01 1.345E-11 2.358E-06
Time, dt: 4.000E+07  5.000E+06  (years)
 1.578E+68 1.578E+68 1.000E+00 7.197E-01 2.803E-01 1.796E-11 2.454E-06
Time, dt: 4.500E+07  5.000E+06  (years)
 1.578E+68 1.578E+68 1.000E+00 6.935E-01 3.065E-01 2.344E-11 2.539E-06
Time, dt: 5.000E+07  5.000E+06  (years)
 1.578E+68 1.578E+68 1.000E+00 6.682E-01 3.318E-01 2.996E-11 2.617E-06
Time, dt: 5.500E+07  5.000E+06  (years)
 1.578E+68 1.578E+68 1.000E+00 6.438E-01 3.562E-01 3.754E-11 2.688E-06
Time, dt: 6.000E+07  5.000E+06  (years)
 1.578E+68 1.578E+68 1.000E+00 6.203E-01 3.797E-01 4.692E-11 2.753E-06
Time, dt: 6.500E+07  5.000E+06  (years)
 1.578E+68 1.578E+68 1.000E+00 5.976E-01 4.024E-01 5.767E-11 2.814E-06
Time, dt: 7.000E+07  5.000E+06  (years)
 1.579E+68 1.578E+68 1.000E+00 5.757E-01 4.243E-01 6.960E-11 2.871E-06
Time, dt: 7.500E+07  5.000E+06  (years)
 1.579E+68 1.578E+68 1.000E+00 5.547E-01 4.453E-01 8.337E-11 2.925E-06
Time, dt: 8.000E+07  5.000E+06  (years)
 1.579E+68 1.578E+68 1.001E+00 5.344E-01 4.656E-01 9.937E-11 2.976E-06
Time, dt: 8.500E+07  5.000E+06  (years)
 1.579E+68 1.578E+68 1.001E+00 5.148E-01 4.852E-01 1.160E-10 3.025E-06
Time, dt: 9.000E+07  5.000E+06  (years)
 1.579E+68 1.578E+68 1.001E+00 4.960E-01 5.040E-01 1.363E-10 3.073E-06
Time, dt: 9.500E+07  5.000E+06  (years)
 1.579E+68 1.578E+68 1.001E+00 4.778E-01 5.222E-01 1.573E-10 3.119E-06
Time, dt: 1.000E+08  5.000E+06  (years)
 1.579E+68 1.578E+68 1.001E+00 4.603E-01 5.397E-01 1.815E-10 3.166E-06
Time, dt: 1.050E+08  5.000E+06  (years)
 1.579E+68 1.578E+68 1.001E+00 4.434E-01 5.566E-01 2.067E-10 3.212E-06
Time, dt: 1.100E+08  5.000E+06  (years)
 1.579E+68 1.578E+68 1.001E+00 4.271E-01 5.729E-01 2.355E-10 3.258E-06
Time, dt: 1.150E+08  5.000E+06  (years)
 1.579E+68 1.578E+68 1.001E+00 4.114E-01 5.886E-01 2.644E-10 3.304E-06
Time, dt: 1.200E+08  5.000E+06  (years)
 1.579E+68 1.578E+68 1.001E+00 3.963E-01 6.037E-01 2.986E-10 3.352E-06
Time, dt: 1.250E+08  5.000E+06  (years)
 1.579E+68 1.578E+68 1.001E+00 3.818E-01 6.182E-01 3.315E-10 3.400E-06
Time, dt: 1.300E+08  5.000E+06  (years)
 1.579E+68 1.578E+68 1.001E+00 3.677E-01 6.323E-01 3.706E-10 3.449E-06
Time, dt: 1.350E+08  5.000E+06  (years)
 1.579E+68 1.578E+68 1.001E+00 3.542E-01 6.458E-01 4.098E-10 3.500E-06
Time, dt: 1.400E+08  5.000E+06  (years)
 1.579E+68 1.578E+68 1.001E+00 3.412E-01 6.588E-01 4.497E-10 3.552E-06
Time, dt: 1.450E+08  5.000E+06  (years)
 1.579E+68 1.578E+68 1.001E+00 3.287E-01 6.713E-01 4.964E-10 3.606E-06
Time, dt: 1.500E+08  5.000E+06  (years)
 1.579E+68 1.578E+68 1.001E+00 3.166E-01 6.834E-01 5.414E-10 3.662E-06
Time, dt: 1.550E+08  5.000E+06  (years)
 1.579E+68 1.578E+68 1.001E+00 3.050E-01 6.950E-01 5.882E-10 3.720E-06
Time, dt: 1.600E+08  5.000E+06  (years)
 1.579E+68 1.578E+68 1.001E+00 2.938E-01 7.062E-01 6.417E-10 3.780E-06
Time, dt: 1.650E+08  5.000E+06  (years)
 1.579E+68 1.578E+68 1.001E+00 2.830E-01 7.170E-01 6.932E-10 3.842E-06
Time, dt: 1.700E+08  5.000E+06  (years)
 1.579E+68 1.578E+68 1.001E+00 2.726E-01 7.274E-01 7.429E-10 3.906E-06
Time, dt: 1.750E+08  5.000E+06  (years)
 1.579E+68 1.578E+68 1.001E+00 2.626E-01 7.374E-01 8.042E-10 3.973E-06
Time, dt: 1.800E+08  5.000E+06  (years)
 1.579E+68 1.578E+68 1.001E+00 2.530E-01 7.470E-01 8.632E-10 4.042E-06
Time, dt: 1.850E+08  5.000E+06  (years)
 1.579E+68 1.578E+68 1.001E+00 2.437E-01 7.563E-01 9.200E-10 4.113E-06
Time, dt: 1.900E+08  5.000E+06  (years)
 1.579E+68 1.578E+68 1.001E+00 2.347E-01 7.653E-01 9.786E-10 4.187E-06
Time, dt: 1.950E+08  5.000E+06  (years)
 1.579E+68 1.578E+68 1.001E+00 2.262E-01 7.738E-01 1.046E-09 4.262E-06
Time, dt: 2.000E+08  5.000E+06  (years)
 1.579E+68 1.578E+68 1.001E+00 2.179E-01 7.821E-01 1.111E-09 4.340E-06
Time, dt: 2.050E+08  5.000E+06  (years)
 1.579E+68 1.578E+68 1.001E+00 2.099E-01 7.901E-01 1.174E-09 4.421E-06
Time, dt: 2.100E+08  5.000E+06  (years)
 1.579E+68 1.578E+68 1.001E+00 2.022E-01 7.978E-01 1.234E-09 4.503E-06
Time, dt: 2.150E+08  5.000E+06  (years)
 1.579E+68 1.578E+68 1.001E+00 1.948E-01 8.052E-01 1.306E-09 4.588E-06
Time, dt: 2.200E+08  5.000E+06  (years)
 1.579E+68 1.578E+68 1.001E+00 1.877E-01 8.123E-01 1.378E-09 4.674E-06
Time, dt: 2.250E+08  5.000E+06  (years)
 1.579E+68 1.578E+68 1.001E+00 1.809E-01 8.191E-01 1.447E-09 4.762E-06
Time, dt: 2.300E+08  5.000E+06  (years)
 1.579E+68 1.578E+68 1.001E+00 1.743E-01 8.257E-01 1.514E-09 4.852E-06
Time, dt: 2.350E+08  5.000E+06  (years)
 1.579E+68 1.578E+68 1.001E+00 1.679E-01 8.321E-01 1.578E-09 4.944E-06
Time, dt: 2.400E+08  5.000E+06  (years)
 1.579E+68 1.578E+68 1.001E+00 1.618E-01 8.382E-01 1.650E-09 5.038E-06
Time, dt: 2.450E+08  5.000E+06  (years)
 1.579E+68 1.578E+68 1.001E+00 1.559E-01 8.441E-01 1.727E-09 5.133E-06
Time, dt: 2.500E+08  5.000E+06  (years)
 1.579E+68 1.578E+68 1.001E+00 1.503E-01 8.497E-01 1.800E-09 5.230E-06
Time, dt: 2.550E+08  5.000E+06  (years)
 1.579E+68 1.578E+68 1.001E+00 1.448E-01 8.552E-01 1.871E-09 5.328E-06
Time, dt: 2.600E+08  5.000E+06  (years)
 1.579E+68 1.578E+68 1.001E+00 1.396E-01 8.604E-01 1.939E-09 5.428E-06
Time, dt: 2.650E+08  5.000E+06  (years)
 1.579E+68 1.578E+68 1.001E+00 1.345E-01 8.655E-01 2.005E-09 5.529E-06
Time, dt: 2.700E+08  5.000E+06  (years)
 1.579E+68 1.578E+68 1.001E+00 1.296E-01 8.704E-01 2.069E-09 5.631E-06
Time, dt: 2.750E+08  5.000E+06  (years)
 1.579E+68 1.578E+68 1.001E+00 1.250E-01 8.750E-01 2.147E-09 5.734E-06
Time, dt: 2.800E+08  5.000E+06  (years)
 1.579E+68 1.578E+68 1.001E+00 1.205E-01 8.795E-01 2.223E-09 5.839E-06
Time, dt: 2.850E+08  5.000E+06  (years)
 1.579E+68 1.578E+68 1.001E+00 1.161E-01 8.839E-01 2.295E-09 5.944E-06
Time, dt: 2.900E+08  5.000E+06  (years)
 1.579E+68 1.578E+68 1.001E+00 1.120E-01 8.880E-01 2.365E-09 6.051E-06
Time, dt: 2.950E+08  5.000E+06  (years)
 1.579E+68 1.578E+68 1.001E+00 1.079E-01 8.921E-01 2.432E-09 6.158E-06
Time, dt: 3.000E+08  5.000E+06  (years)
 1.579E+68 1.578E+68 1.001E+00 1.041E-01 8.959E-01 2.497E-09 6.267E-06
Time, dt: 3.050E+08  5.000E+06  (years)
 1.579E+68 1.578E+68 1.001E+00 1.004E-01 8.996E-01 2.560E-09 6.376E-06
Time, dt: 3.100E+08  5.000E+06  (years)
 1.579E+68 1.578E+68 1.001E+00 9.678E-02 9.032E-01 2.620E-09 6.485E-06
Time, dt: 3.150E+08  5.000E+06  (years)
 1.579E+68 1.578E+68 1.001E+00 9.333E-02 9.067E-01 2.686E-09 6.596E-06
Time, dt: 3.200E+08  5.000E+06  (years)
 1.579E+68 1.578E+68 1.001E+00 9.002E-02 9.100E-01 2.758E-09 6.707E-06
Time, dt: 3.250E+08  5.000E+06  (years)
 1.579E+68 1.578E+68 1.001E+00 8.682E-02 9.132E-01 2.827E-09 6.819E-06
Time, dt: 3.300E+08  5.000E+06  (years)
 1.579E+68 1.578E+68 1.001E+00 8.375E-02 9.162E-01 2.893E-09 6.931E-06
Time, dt: 3.350E+08  5.000E+06  (years)
 1.579E+68 1.578E+68 1.001E+00 8.079E-02 9.192E-01 2.958E-09 7.043E-06
Time, dt: 3.400E+08  5.000E+06  (years)
 1.579E+68 1.578E+68 1.001E+00 7.795E-02 9.221E-01 3.020E-09 7.156E-06
Time, dt: 3.450E+08  5.000E+06  (years)
 1.579E+68 1.578E+68 1.001E+00 7.521E-02 9.248E-01 3.080E-09 7.270E-06
Time, dt: 3.500E+08  5.000E+06  (years)
 1.579E+68 1.578E+68 1.001E+00 7.257E-02 9.274E-01 3.137E-09 7.383E-06
Time, dt: 3.550E+08  5.000E+06  (years)
 1.579E+68 1.578E+68 1.001E+00 7.003E-02 9.300E-01 3.193E-09 7.497E-06
Time, dt: 3.600E+08  5.000E+06  (years)
 1.579E+68 1.578E+68 1.001E+00 6.759E-02 9.324E-01 3.247E-09 7.612E-06
Time, dt: 3.650E+08  5.000E+06  (years)
 1.579E+68 1.578E+68 1.001E+00 6.524E-02 9.348E-01 3.299E-09 7.726E-06
Time, dt: 3.700E+08  5.000E+06  (years)
 1.579E+68 1.578E+68 1.001E+00 6.297E-02 9.370E-01 3.349E-09 7.841E-06
Time, dt: 3.750E+08  5.000E+06  (years)
 1.579E+68 1.578E+68 1.001E+00 6.079E-02 9.392E-01 3.398E-09 7.955E-06
Time, dt: 3.800E+08  5.000E+06  (years)
 1.579E+68 1.578E+68 1.001E+00 5.869E-02 9.413E-01 3.456E-09 8.070E-06
Time, dt: 3.850E+08  5.000E+06  (years)
 1.579E+68 1.578E+68 1.001E+00 5.668E-02 9.433E-01 3.513E-09 8.184E-06
Time, dt: 3.900E+08  5.000E+06  (years)
 1.579E+68 1.578E+68 1.001E+00 5.473E-02 9.453E-01 3.569E-09 8.299E-06
Time, dt: 3.950E+08  5.000E+06  (years)
 1.579E+68 1.578E+68 1.001E+00 5.286E-02 9.471E-01 3.622E-09 8.413E-06
Time, dt: 4.000E+08  5.000E+06  (years)
 1.579E+68 1.578E+68 1.001E+00 5.106E-02 9.489E-01 3.674E-09 8.528E-06
Time, dt: 4.050E+08  5.000E+06  (years)
 1.579E+68 1.578E+68 1.001E+00 4.932E-02 9.507E-01 3.724E-09 8.642E-06
Time, dt: 4.100E+08  5.000E+06  (years)
 1.579E+68 1.578E+68 1.001E+00 4.765E-02 9.523E-01 3.772E-09 8.756E-06
Time, dt: 4.150E+08  5.000E+06  (years)
 1.579E+68 1.578E+68 1.001E+00 4.605E-02 9.540E-01 3.819E-09 8.870E-06
Time, dt: 4.200E+08  5.000E+06  (years)
 1.579E+68 1.578E+68 1.001E+00 4.450E-02 9.555E-01 3.864E-09 8.983E-06
Time, dt: 4.250E+08  5.000E+06  (years)
 1.579E+68 1.578E+68 1.001E+00 4.301E-02 9.570E-01 3.907E-09 9.096E-06
Time, dt: 4.300E+08  5.000E+06  (years)
 1.579E+68 1.578E+68 1.001E+00 4.157E-02 9.584E-01 3.950E-09 9.209E-06
Time, dt: 4.350E+08  5.000E+06  (years)
 1.579E+68 1.578E+68 1.001E+00 4.019E-02 9.598E-01 3.990E-09 9.321E-06
Time, dt: 4.400E+08  5.000E+06  (years)
 1.579E+68 1.578E+68 1.001E+00 3.886E-02 9.611E-01 4.030E-09 9.433E-06
Time, dt: 4.450E+08  5.000E+06  (years)
 1.579E+68 1.578E+68 1.001E+00 3.758E-02 9.624E-01 4.068E-09 9.545E-06
Time, dt: 4.500E+08  5.000E+06  (years)
 1.579E+68 1.578E+68 1.001E+00 3.634E-02 9.637E-01 4.104E-09 9.656E-06
Time, dt: 4.550E+08  5.000E+06  (years)
 1.579E+68 1.578E+68 1.001E+00 3.515E-02 9.648E-01 4.140E-09 9.767E-06
Time, dt: 4.600E+08  5.000E+06  (years)
 1.579E+68 1.578E+68 1.001E+00 3.401E-02 9.660E-01 4.174E-09 9.877E-06
Time, dt: 4.650E+08  5.000E+06  (years)
 1.579E+68 1.578E+68 1.001E+00 3.290E-02 9.671E-01 4.208E-09 9.986E-06
Time, dt: 4.700E+08  5.000E+06  (years)
 1.579E+68 1.578E+68 1.001E+00 3.184E-02 9.682E-01 4.240E-09 1.009E-05
Time, dt: 4.750E+08  5.000E+06  (years)
 1.579E+68 1.578E+68 1.001E+00 3.081E-02 9.692E-01 4.271E-09 1.020E-05
Time, dt: 4.800E+08  5.000E+06  (years)
 1.579E+68 1.578E+68 1.001E+00 2.983E-02 9.702E-01 4.301E-09 1.031E-05
Time, dt: 4.850E+08  5.000E+06  (years)
 1.579E+68 1.578E+68 1.001E+00 2.888E-02 9.711E-01 4.331E-09 1.042E-05
Time, dt: 4.900E+08  5.000E+06  (years)
 1.579E+68 1.578E+68 1.001E+00 2.796E-02 9.720E-01 4.360E-09 1.052E-05
Time, dt: 4.950E+08  5.000E+06  (years)
 1.579E+68 1.578E+68 1.001E+00 2.708E-02 9.729E-01 4.395E-09 1.063E-05
 CPU time:            0  hours           0  minutes  0.692114830      seconds.
 Wall clock time:            0  hours           0  minutes   1.48900008      seconds.
Log file for C2-Ray run
 Running on processor named n177-p62.eduroam.kth.se                                                                             
 reading input from ../inputs/test1.in

Using a black body with
 Teff=        3.000E+04 K
 Radius=      6.777E+03 R_solar
 Luminosity=  3.356E+10 L_solar
 Number of H ionizing photons:  1.000E+54 s^-1


Time, dt: 0.000E+00  5.000E+06  (years)
 1.578E+68 1.578E+68 1.000E+00 9.661E-01 3.387E-02 3.736E-13 9.223E-07
Time, dt: 5.000E+06  5.000E+06  (years)
 1.578E+68 1.578E+68 1.000E+00 9.318E-01 6.815E-02 9.257E-13 1.330E-06
Time, dt: 1.000E+07  5.000E+06  (years)
 1.578E+68 1.578E+68 1.000E+00 8.984E-01 1.016E-01 1.773E-12 1.603E-06
Time, dt: 1.500E+07  5.000E+06  (years)
 1.578E+68 1.578E+68 1.000E+00 8.660E-01 1.340E-01 2.994E-12 1.812E-06
Time, dt: 2.000E+07  5.000E+06  (years)
 1.578E+68 1.578E+68 1.000E+00 8.347E-01 1.653E-01 4.661E-12 1.983E-06
Time, dt: 2.500E+07  5.000E+06  (years)
 1.578E+68 1.578E+68 1.000E+00 8.044E-01 1.956E-01 6.875E-12 2.126E-06
Time, dt: 3.000E+07  5.000E+06  (years)
 1.578E+68 1.578E+68 1.000E+00 7.752E-01 2.248E-01 9.792E-12 2.250E-06
Time, dt: 3.500E+07  5.000E+06  (years)
 1.578E+68 1.578E+68 1.000E+00 7.470E-01 2.530E-01 1.345E-11 2.358E-06
Time, dt: 4.000E+07  5.000E+06  (years)
 1.578E+68 1.578E+68 1.000E+00 7.197E-01 2.803E-01 1.796E-11 2.454E-06
Time, dt: 4.500E+07  5.000E+06  (years)
 1.578E+68 1.578E+68 1.000E+00 6.935E-01 3.065E-01 2.344E-11 2.539E-06
Time, dt: 5.000E+07  5.000E+06  (years)
 1.578E+68 1.578E+68 1.000E+00 6.682E-01 3.318E-01 2.996E-11 2.617E-06
Time, dt: 5.500E+07  5.000E+06  (years)
 1.578E+68 1.578E+68 1.000E+00 6.438E-01 3.562E-01 3.754E-11 2.688E-06
Time, dt: 6.000E+07  5.000E+06  (years)
 1.578E+68 1.578E+68 1.000E+00 6.203E-01 3.797E-01 4.692E-11 2.753E-06
Time, dt: 6.500E+07  5.000E+06  (years)
 1.578E+68 1.578E+68 1.000E+00 5.976E-01 4.024E-01 5.767E-11 2.814E-06
Time, dt: 7.000E+07  5.000E+06  (years)
 1.579E+68 1.578E+68 1.000E+00 5.757E-01 4.243E-01 6.960E-11 2.871E-06
Time, dt: 7.500E+07  5.000E+06  (years)
 1.579E+68 1.578E+68 1.000E+00 5.547E-01 4.453E-01 8.337E-11 2.925E-06
Time, dt: 8.000E+07  5.000E+06  (years)
 1.579E+68 1.578E+68 1.001E+00 5.344E-01 4.656E-01 9.937E-11 2.976E-06
Time, dt: 8.500E+07  5.000E+06  (years)
 1.579E+68 1.578E+68 1.001E+00 5.148E-01 4.852E-01 1.160E-10 3.025E-06
Time, dt: 9.000E+07  5.000E+06  (years)
 1.579E+68 1.578E+68 1.001E+00 4.960E-01 5.040E-01 1.363E-10 3.073E-06
Time, dt: 9.500E+07  5.000E+06  (years)
 1.579E+68 1.578E+68 1.001E+00 4.778E-01 5.222E-01 1.573E-10 3.119E-06
Time, dt: 1.000E+08  5.000E+06  (years)
 1.579E+68 1.578E+68 1.001E+00 4.603E-01 5.397E-01 1.815E-10 3.166E-06
Time, dt: 1.050E+08  5.000E+06  (years)
 1.579E+68 1.578E+68 1.001E+00 4.434E-01 5.566E-01 2.067E-10 3.212E-06
Time, dt: 1.100E+08  5.000E+06  (years)
 1.579E+68 1.578E+68 1.001E+00 4.271E-01 5.729E-01 2.355E-10 3.258E-06
Time, dt: 1.150E+08  5.000E+06  (years)
 1.579E+68 1.578E+68 1.001E+00 4.114E-01 5.886E-01 2.644E-10 3.304E-06
Time, dt: 1.200E+08  5.000E+06  (years)
 1.579E+68 1.578E+68 1.001E+00 3.963E-01 6.037E-01 2.986E-10 3.352E-06
Time, dt: 1.250E+08  5.000E+06  (years)
 1.579E+68 1.578E+68 1.001E+00 3.818E-01 6.182E-01 3.315E-10 3.400E-06
Time, dt: 1.300E+08  5.000E+06  (years)
 1.579E+68 1.578E+68 1.001E+00 3.677E-01 6.323E-01 3.706E-10 3.449E-06
Time, dt: 1.350E+08  5.000E+06  (years)
 1.579E+68 1.578E+68 1.001E+00 3.542E-01 6.458E-01 4.098E-10 3.500E-06
Time, dt: 1.400E+08  5.000E+06  (years)
 1.579E+68 1.578E+68 1.001E+00 3.412E-01 6.588E-01 4.497E-10 3.552E-06
Time, dt: 1.450E+08  5.000E+06  (years)
 1.579E+68 1.578E+68 1.001E+00 3.287E-01 6.713E-01 4.964E-10 3.606E-06
Time, dt: 1.500E+08  5.000E+06  (years)
 1.579E+68 1.578E+68 1.001E+00 3.166E-01 6.834E-01 5.414E-10 3.662E-06
Time, dt: 1.550E+08  5.000E+06  (years)
 1.579E+68 1.578E+68 1.001E+00 3.050E-01 6.950E-01 5.882E-10 3.720E-06
Time, dt: 1.600E+08  5.000E+06  (years)
 1.579E+68 1.578E+68 1.001E+00 2.938E-01 7.062E-01 6.417E-10 3.780E-06
Time, dt: 1.650E+08  5.000E+06  (years)
 1.579E+68 1.578E+68 1.001E+00 2.830E-01 7.170E-01 6.932E-10 3.842E-06
Time, dt: 1.700E+08  5.000E+06  (years)
 1.579E+68 1.578E+68 1.001E+00 2.726E-01 7.274E-01 7.429E-10 3.906E-06
Time, dt: 1.750E+08  5.000E+06  (years)
 1.579E+68 1.578E+68 1.001E+00 2.626E-01 7.374E-01 8.042E-10 3.973E-06
Time, dt: 1.800E+08  5.000E+06  (years)
 1.579E+68 1.578E+68 1.001E+00 2.530E-01 7.470E-01 8.632E-10 4.042E-06
Time, dt: 1.850E+08  5.000E+06  (years)
 1.579E+68 1.578E+68 1.001E+00 2.437E-01 7.563E-01 9.200E-10 4.113E-06
Time, dt: 1.900E+08  5.000E+06  (years)
 1.579E+68 1.578E+68 1.001E+00 2.347E-01 7.653E-01 9.786E-10 4.187E-06
Time, dt: 1.950E+08  5.000E+06  (years)
 1.579E+68 1.578E+68 1.001E+00 2.262E-01 7.738E-01 1.046E-09 4.262E-06
Time, dt: 2.000E+08  5.000E+06  (years)
 1.579E+68 1.578E+68 1.001E+00 2.179E-01 7.821E-01 1.111E-09 4.340E-06
Time, dt: 2.050E+08  5.000E+06  (years)
 1.579E+68 1.578E+68 1.001E+00 2.099E-01 7.901E-01 1.174E-09 4.421E-06
Time, dt: 2.100E+08  5.000E+06  (years)
 1.579E+68 1.578E+68 1.001E+00 2.022E-01 7.978E-01 1.234E-09 4.503E-06
Time, dt: 2.150E+08  5.000E+06  (years)
 1.579E+68 1.578E+68 1.001E+00 1.948E-01 8.052E-01 1.306E-09 4.588E-06
Time, dt: 2.200E+08  5.000E+06  (years)
 1.579E+68 1.578E+68 1.001E+00 1.877E-01 8.123E-01 1.378E-09 4.674E-06
Time, dt: 2.250E+08  5.000E+06  (years)
 1.579E+68 1.578E+68 1.001E+00 1.809E-01 8.191E-01 1.447E-09 4.762E-06
Time, dt: 2.300E+08  5.000E+06  (years)
 1.579E+68 1.578E+68 1.001E+00 1.743E-01 8.257E-01 1.514E-09 4.852E-06
Time, dt: 2.350E+08  5.000E+06  (years)
 1.579E+68 1.578E+68 1.001E+00 1.679E-01 8.321E-01 1.578E-09 4.944E-06
Time, dt: 2.400E+08  5.000E+06  (years)
 1.579E+68 1.578E+68 1.001E+00 1.618E-01 8.382E-01 1.650E-09 5.038E-06
Time, dt: 2.450E+08  5.000E+06  (years)
 1.579E+68 1.578E+68 1.001E+00 1.559E-01 8.441E-01 1.727E-09 5.133E-06
Time, dt: 2.500E+08  5.000E+06  (years)
 1.579E+68 1.578E+68 1.001E+00 1.503E-01 8.497E-01 1.800E-09 5.230E-06
Time, dt: 2.550E+08  5.000E+06  (years)
 1.579E+68 1.578E+68 1.001E+00 1.448E-01 8.552E-01 1.871E-09 5.328E-06
Time, dt: 2.600E+08  5.000E+06  (years)
 1.579E+68 1.578E+68 1.001E+00 1.396E-01 8.604E-01 1.939E-09 5.428E-06
Time, dt: 2.650E+08  5.000E+06  (years)
 1.579E+68 1.578E+68 1.001E+00 1.345E-01 8.655E-01 2.005E-09 5.529E-06
Time, dt: 2.700E+08  5.000E+06  (years)
 1.579E+68 1.578E+68 1.001E+00 1.296E-01 8.704E-01 2.069E-09 5.631E-06
Time, dt: 2.750E+08  5.000E+06  (years)
 1.579E+68 1.578E+68 1.001E+00 1.250E-01 8.750E-01 2.147E-09 5.734E-06
Time, dt: 2.800E+08  5.000E+06  (years)
 1.579E+68 1.578E+68 1.001E+00 1.205E-01 8.795E-01 2.223E-09 5.839E-06
Time, dt: 2.850E+08  5.000E+06  (years)
 1.579E+68 1.578E+68 1.001E+00 1.161E-01 8.839E-01 2.295E-09 5.944E-06
Time, dt: 2.900E+08  5.000E+06  (years)
 1.579E+68 1.578E+68 1.001E+00 1.120E-01 8.880E-01 2.365E-09 6.051E-06
Time, dt: 2.950E+08  5.000E+06  (years)
 1.579E+68 1.578E+68 1.001E+00 1.079E-01 8.921E-01 2.432E-09 6.158E-06
Time, dt: 3.000E+08  5.000E+06  (years)
 1.579E+68 1.578E+68 1.001E+00 1.041E-01 8.959E-01 2.497E-09 6.267E-06
Time, dt: 3.050E+08  5.000E+06  (years)
 1.579E+68 1.578E+68 1.001E+00 1.004E-01 8.996E-01 2.560E-09 6.376E-06
Time, dt: 3.100E+08  5.000E+06  (years)
 1.579E+68 1.578E+68 1.001E+00 9.678E-02 9.032E-01 2.620E-09 6.485E-06
Time, dt: 3.150E+08  5.000E+06  (years)
 1.579E+68 1.578E+68 1.001E+00 9.333E-02 9.067E-01 2.686E-09 6.596E-06
Time, dt: 3.200E+08  5.000E+06  (years)
 1.579E+68 1.578E+68 1.001E+00 9.002E-02 9.100E-01 2.758E-09 6.707E-06
Time, dt: 3.250E+08  5.000E+06  (years)
 1.579E+68 1.578E+68 1.001E+00 8.682E-02 9.132E-01 2.827E-09 6.819E-06
Time, dt: 3.300E+08  5.000E+06  (years)
 1.579E+68 1.578E+68 1.001E+00 8.375E-02 9.162E-01 2.893E-09 6.931E-06
Time, dt: 3.350E+08  5.000E+06  (years)
 1.579E+68 1.578E+68 1.001E+00 8.079E-02 9.192E-01 2.958E-09 7.043E-06
Time, dt: 3.400E+08  5.000E+06  (years)
 1.579E+68 1.578E+68 1.001E+00 7.795E-02 9.221E-01 3.020E-09 7.156E-06
Time, dt: 3.450E+08  5.000E+06  (years)
 1.579E+68 1.578E+68 1.001E+00 7.521E-02 9.248E-01 3.080E-09 7.270E-06
Time, dt: 3.500E+08  5.000E+06  (years)
 1.579E+68 1.578E+68 1.001E+00 7.257E-02 9.274E-01 3.137E-09 7.383E-06
Time, dt: 3.550E+08  5.000E+06  (years)
 1.579E+68 1.578E+68 1.001E+00 7.003E-02 9.300E-01 3.193E-09 7.497E-06
Time, dt: 3.600E+08  5.000E+06  (years)
 1.579E+68 1.578E+68 1.001E+00 6.759E-02 9.324E-01 3.247E-09 7.612E-06
Time, dt: 3.650E+08  5.000E+06  (years)
 1.579E+68 1.578E+68 1.001E+00 6.524E-02 9.348E-01 3.299E-09 7.726E-06
Time, dt: 3.700E+08  5.000E+06  (years)
 1.579E+68 1.578E+68 1.001E+00 6.297E-02 9.370E-01 3.349E-09 7.841E-06
Time, dt: 3.750E+08  5.000E+06  (years)
 1.579E+68 1.578E+68 1.001E+00 6.079E-02 9.392E-01 3.398E-09 7.955E-06
Time, dt: 3.800E+08  5.000E+06  (years)
 1.579E+68 1.578E+68 1.001E+00 5.869E-02 9.413E-01 3.456E-09 8.070E-06
Time, dt: 3.850E+08  5.000E+06  (years)
 1.579E+68 1.578E+68 1.001E+00 5.668E-02 9.433E-01 3.513E-09 8.184E-06
Time, dt: 3.900E+08  5.000E+06  (years)
 1.579E+68 1.578E+68 1.001E+00 5.473E-02 9.453E-01 3.569E-09 8.299E-06
Time, dt: 3.950E+08  5.000E+06  (years)
 1.579E+68 1.578E+68 1.001E+00 5.286E-02 9.471E-01 3.622E-09 8.413E-06
Time, dt: 4.000E+08  5.000E+06  (years)
 1.579E+68 1.578E+68 1.001E+00 5.106E-02 9.489E-01 3.674E-09 8.528E-06
Time, dt: 4.050E+08  5.000E+06  (years)
 1.579E+68 1.578E+68 1.001E+00 4.932E-02 9.507E-01 3.724E-09 8.642E-06
Time, dt: 4.100E+08  5.000E+06  (years)
 1.579E+68 1.578E+68 1.001E+00 4.765E-02 9.523E-01 3.772E-09 8.756E-06
Time, dt: 4.150E+08  5.000E+06  (years)
 1.579E+68 1.578E+68 1.001E+00 4.605E-02 9.540E-01 3.819E-09 8.870E-06
Time, dt: 4.200E+08  5.000E+06  (years)
 1.579E+68 1.578E+68 1.001E+00 4.450E-02 9.555E-01 3.864E-09 8.983E-06
Time, dt: 4.250E+08  5.000E+06  (years)
 1.579E+68 1.578E+68 1.001E+00 4.301E-02 9.570E-01 3.907E-09 9.096E-06
Time, dt: 4.300E+08  5.000E+06  (years)
 1.579E+68 1.578E+68 1.001E+00 4.157E-02 9.584E-01 3.950E-09 9.209E-06
Time, dt: 4.350E+08  5.000E+06  (years)
 1.579E+68 1.578E+68 1.001E+00 4.019E-02 9.598E-01 3.990E-09 9.321E-06
Time, dt: 4.400E+08  5.000E+06  (years)
 1.579E+68 1.578E+68 1.001E+00 3.886E-02 9.611E-01 4.030E-09 9.433E-06
Time, dt: 4.450E+08  5.000E+06  (years)
 1.579E+68 1.578E+68 1.001E+00 3.758E-02 9.624E-01 4.068E-09 9.545E-06
Time, dt: 4.500E+08  5.000E+06  (years)
 1.579E+68 1.578E+68 1.001E+00 3.634E-02 9.637E-01 4.104E-09 9.656E-06
Time, dt: 4.550E+08  5.000E+06  (years)
 1.579E+68 1.578E+68 1.001E+00 3.515E-02 9.648E-01 4.140E-09 9.767E-06
Time, dt: 4.600E+08  5.000E+06  (years)
 1.579E+68 1.578E+68 1.001E+00 3.401E-02 9.660E-01 4.174E-09 9.877E-06
Time, dt: 4.650E+08  5.000E+06  (years)
 1.579E+68 1.578E+68 1.001E+00 3.290E-02 9.671E-01 4.208E-09 9.986E-06
Time, dt: 4.700E+08  5.000E+06  (years)
 1.579E+68 1.578E+68 1.001E+00 3.184E-02 9.682E-01 4.240E-09 1.009E-05
Time, dt: 4.750E+08  5.000E+06  (years)
 1.579E+68 1.578E+68 1.001E+00 3.081E-02 9.692E-01 4.271E-09 1.020E-05
Time, dt: 4.800E+08  5.000E+06  (years)
 1.579E+68 1.578E+68 1.001E+00 2.983E-02 9.702E-01 4.301E-09 1.031E-05
Time, dt: 4.850E+08  5.000E+06  (years)
 1.579E+68 1.578E+68 1.001E+00 2.888E-02 9.711E-01 4.331E-09 1.042E-05
Time, dt: 4.900E+08  5.000E+06  (years)
 1.579E+68 1.578E+68 1.001E+00 2.796E-02 9.720E-01 4.360E-09 1.052E-05
Time, dt: 4.950E+08  5.000E+06  (years)
 1.579E+68 1.578E+68 1.001E+00 2.708E-02 9.729E-01 4.395E-09 1.063E-05
 CPU time:            0  hours           0  minutes  0.163662910      seconds.
 Wall clock time:            0  hours           0  minutes  0.165000051      seconds.
